timeout 30
gfxmenu /gfx/Reanimator
default 0

title Continue boot from HDD
find --set-root --ignore-floppies --ignore-cd /ntldr || find --set-root --ignore-floppies --ignore-cd /bootmgr
map (hd0) (hd1)
map (hd1) (hd0)
map --rehook
find --set-root --ignore-floppies --ignore-cd /ntldr || find --set-root --ignore-floppies --ignore-cd /bootmgr
chainloader /ntldr || chainloader /bootmgr

title Live OS
lock
find --set-root /submenu_1.lst
configfile /submenu_1.lst

title Install OS
lock
find --set-root /submenu_3.lst
configfile /submenu_3.lst

title Hardware utilities
lock
find --set-root /submenu_2.lst
configfile /submenu_2.lst

title Shutdown
halt

title Reboot
reboot
